<?xml version="1.0" encoding="UTF-8"?>
<!-- Generated by org.testng.reporters.JUnitReportReporter -->
<testsuite hostname="DESKTOP-UJM8HNV" failures="0" tests="3" name="FacebookTest.sample" time="0.028" errors="0" timestamp="2022-09-20T09:06:55 OMST" skipped="0">
  <testcase classname="FacebookTest.sample" name="test2" time="0.013"/>
  <system-out/>
  <testcase classname="FacebookTest.sample" name="test2" time="0.004"/>
  <system-out/>
  <testcase classname="FacebookTest.sample" name="test1" time="0.011"/>
  <system-out/>
</testsuite> <!-- FacebookTest.sample -->
