<?xml version="1.0" encoding="UTF-8"?>
<!-- Generated by org.testng.reporters.JUnitReportReporter -->
<testsuite hostname="DESKTOP-UJM8HNV" failures="0" tests="1" name="MakeMyTrip.TestNGHotels" time="32.554" errors="0" timestamp="2022-09-10T18:41:23 OMST" skipped="0">
  <testcase classname="MakeMyTrip.TestNGHotels" name="ValidateApplyButton" time="32.554"/>
  <system-out/>
</testsuite> <!-- MakeMyTrip.TestNGHotels -->
