<?xml version="1.0" encoding="UTF-8"?>
<!-- Generated by org.testng.reporters.JUnitReportReporter -->
<testsuite hostname="DESKTOP-UJM8HNV" failures="0" tests="4" name="SGBAUTest.StudentValidation" time="26.368" errors="0" timestamp="2022-09-21T18:49:32 OMST" skipped="0">
  <testcase classname="SGBAUTest.StudentValidation" name="StudentLogin" time="0.152"/>
  <system-out/>
  <testcase classname="SGBAUTest.StudentValidation" name="StudentLogin" time="0.112"/>
  <system-out/>
  <testcase classname="SGBAUTest.StudentValidation" name="StudentLoginValidation" time="22.243"/>
  <system-out/>
  <testcase classname="SGBAUTest.StudentValidation" name="StudentLoginValidation" time="3.861"/>
  <system-out/>
</testsuite> <!-- SGBAUTest.StudentValidation -->
