<?xml version="1.0" encoding="UTF-8"?>
<!-- Generated by org.testng.reporters.JUnitReportReporter -->
<testsuite hostname="DESKTOP-UJM8HNV" failures="0" tests="2" name="SGBAUTest.SGBAUtest" time="6.728" errors="0" timestamp="2022-09-20T10:38:07 OMST" skipped="0">
  <testcase classname="SGBAUTest.SGBAUtest" name="AdministrationLoginValidation" time="2.480"/>
  <system-out/>
  <testcase classname="SGBAUTest.SGBAUtest" name="StudentLoginValidation" time="4.248"/>
  <system-out/>
</testsuite> <!-- SGBAUTest.SGBAUtest -->
