<?xml version="1.0" encoding="UTF-8"?>
<!-- Generated by org.testng.reporters.JUnitReportReporter -->
<testsuite hostname="DESKTOP-UJM8HNV" failures="0" tests="1" name="FacebookTest.TestFacebookByTestNG" time="13.236" errors="0" timestamp="2022-09-09T12:32:46 OMST" skipped="0">
  <testcase classname="FacebookTest.TestFacebookByTestNG" name="ReturnsToHome" time="13.236"/>
  <system-out/>
</testsuite> <!-- FacebookTest.TestFacebookByTestNG -->
