<?xml version="1.0" encoding="UTF-8"?>
<!-- Generated by org.testng.reporters.JUnitReportReporter -->
<testsuite hostname="DESKTOP-UJM8HNV" failures="0" tests="1" name="MakeMyTrip.TestNGFlights" time="27.115" errors="0" timestamp="2022-09-10T18:08:25 OMST" skipped="0">
  <testcase classname="MakeMyTrip.TestNGFlights" name="ValidateSearchButton" time="27.115"/>
  <system-out/>
</testsuite> <!-- MakeMyTrip.TestNGFlights -->
