<?xml version="1.0" encoding="UTF-8"?>
<!-- Generated by org.testng.reporters.JUnitReportReporter -->
<testsuite hostname="DESKTOP-UJM8HNV" failures="0" tests="1" name="TestNGdemo" time="0.019" errors="0" timestamp="2022-09-06T21:16:04 OMST" skipped="0">
  <testcase classname="TestNGdemo" name="test" time="0.019"/>
  <system-out/>
</testsuite> <!-- TestNGdemo -->
